<?xml version="1.0" encoding="UTF-8"?>
<testsuite name="enviar mensaje para obtener soporte" tests="2" skipped="0" failures="0" errors="0" timestamp="2022-03-22T03:20:21" hostname="LAPTOP-MVJM7QIP" time="17.113">
  <properties/>
  <testcase name="diligenciar el formulario para enviar el mensaje" classname="enviar mensaje para obtener soporte" time="10.493"/>
  <testcase name="diligenciamiento incorrecto del formulario para enviar el mensaje" classname="enviar mensaje para obtener soporte" time="6.62"/>
  <system-out><![CDATA[]]></system-out>
  <system-err><![CDATA[Starting ChromeDriver 99.0.4844.51 (d537ec02474b5afe23684e7963d538896c63ac77-refs/branch-heads/4844@{#875}) on port 32487
Only local connections are allowed.
Please see https://chromedriver.chromium.org/security-considerations for suggestions on keeping ChromeDriver safe.
ChromeDriver was started successfully.
mar 21, 2022 10:20:25 PM org.openqa.selenium.remote.ProtocolHandshake createSession
INFORMACIÓN: Detected dialect: W3C
Starting ChromeDriver 99.0.4844.51 (d537ec02474b5afe23684e7963d538896c63ac77-refs/branch-heads/4844@{#875}) on port 2653
Only local connections are allowed.
Please see https://chromedriver.chromium.org/security-considerations for suggestions on keeping ChromeDriver safe.
ChromeDriver was started successfully.
mar 21, 2022 10:20:34 PM org.openqa.selenium.remote.ProtocolHandshake createSession
INFORMACIÓN: Detected dialect: W3C
]]></system-err>
</testsuite>
