<?xml version="1.0" encoding="UTF-8"?>
<testsuite name="enviar mensaje para obtener soporte" tests="2" skipped="0" failures="0" errors="0" timestamp="2022-03-20T20:39:40" hostname="LAPTOP-MVJM7QIP" time="16.729">
  <properties/>
  <testcase name="diligenciar el formulario para enviar el mensaje" classname="enviar mensaje para obtener soporte" time="10.758"/>
  <testcase name="diligenciamiento incorrecto del formulario para enviar el mensaje" classname="enviar mensaje para obtener soporte" time="5.971"/>
  <system-out><![CDATA[]]></system-out>
  <system-err><![CDATA[Starting ChromeDriver 99.0.4844.51 (d537ec02474b5afe23684e7963d538896c63ac77-refs/branch-heads/4844@{#875}) on port 10530
Only local connections are allowed.
Please see https://chromedriver.chromium.org/security-considerations for suggestions on keeping ChromeDriver safe.
ChromeDriver was started successfully.
mar 20, 2022 3:39:44 PM org.openqa.selenium.remote.ProtocolHandshake createSession
INFORMACIÓN: Detected dialect: W3C
Starting ChromeDriver 99.0.4844.51 (d537ec02474b5afe23684e7963d538896c63ac77-refs/branch-heads/4844@{#875}) on port 30008
Only local connections are allowed.
Please see https://chromedriver.chromium.org/security-considerations for suggestions on keeping ChromeDriver safe.
ChromeDriver was started successfully.
mar 20, 2022 3:39:53 PM org.openqa.selenium.remote.ProtocolHandshake createSession
INFORMACIÓN: Detected dialect: W3C
]]></system-err>
</testsuite>
